{"/Users/gianpaoloaranha/projects/puc/5sem/ci-cd/GCEIC25-102/api/controllers/funcoes_base.js": {"path":"/Users/gianpaoloaranha/projects/puc/5sem/ci-cd/GCEIC25-102/api/controllers/funcoes_base.js","all":false,"statementMap":{"0":{"start":{"line":1,"column":0},"end":{"line":1,"column":0}},"1":{"start":{"line":2,"column":0},"end":{"line":2,"column":0}},"2":{"start":{"line":3,"column":0},"end":{"line":3,"column":42}},"3":{"start":{"line":4,"column":0},"end":{"line":4,"column":34}},"4":{"start":{"line":5,"column":0},"end":{"line":5,"column":28}},"5":{"start":{"line":6,"column":0},"end":{"line":6,"column":2}},"6":{"start":{"line":7,"column":0},"end":{"line":7,"column":1}},"7":{"start":{"line":8,"column":0},"end":{"line":8,"column":37}}},"s":{"0":1,"1":1,"2":1,"3":1,"4":1,"5":1,"6":1,"7":1},"branchMap":{"0":{"type":"branch","line":3,"loc":{"start":{"line":3,"column":0},"end":{"line":6,"column":2}},"locations":[{"start":{"line":3,"column":0},"end":{"line":6,"column":2}}]},"1":{"type":"branch","line":4,"loc":{"start":{"line":4,"column":25},"end":{"line":4,"column":34}},"locations":[{"start":{"line":4,"column":25},"end":{"line":4,"column":34}}]}},"b":{"0":[1],"1":[0]},"fnMap":{"0":{"name":"aplicarDesconto","decl":{"start":{"line":3,"column":0},"end":{"line":6,"column":2}},"loc":{"start":{"line":3,"column":0},"end":{"line":6,"column":2}},"line":3}},"f":{"0":1}}
,"/Users/gianpaoloaranha/projects/puc/5sem/ci-cd/GCEIC25-102/api/controllers/impostoController.js": {"path":"/Users/gianpaoloaranha/projects/puc/5sem/ci-cd/GCEIC25-102/api/controllers/impostoController.js","all":false,"statementMap":{"0":{"start":{"line":1,"column":0},"end":{"line":1,"column":67}},"1":{"start":{"line":2,"column":0},"end":{"line":2,"column":0}},"2":{"start":{"line":3,"column":0},"end":{"line":3,"column":98}},"3":{"start":{"line":4,"column":0},"end":{"line":4,"column":80}},"4":{"start":{"line":5,"column":0},"end":{"line":5,"column":0}},"5":{"start":{"line":6,"column":0},"end":{"line":6,"column":39}},"6":{"start":{"line":7,"column":0},"end":{"line":7,"column":74}},"7":{"start":{"line":8,"column":0},"end":{"line":8,"column":12}},"8":{"start":{"line":9,"column":0},"end":{"line":9,"column":0}},"9":{"start":{"line":10,"column":0},"end":{"line":10,"column":36}},"10":{"start":{"line":11,"column":0},"end":{"line":11,"column":48}},"11":{"start":{"line":12,"column":0},"end":{"line":12,"column":40}},"12":{"start":{"line":13,"column":0},"end":{"line":13,"column":40}},"13":{"start":{"line":14,"column":0},"end":{"line":14,"column":46}},"14":{"start":{"line":15,"column":0},"end":{"line":15,"column":42}},"15":{"start":{"line":16,"column":0},"end":{"line":16,"column":4}},"16":{"start":{"line":17,"column":0},"end":{"line":17,"column":0}},"17":{"start":{"line":18,"column":0},"end":{"line":18,"column":24}},"18":{"start":{"line":19,"column":0},"end":{"line":19,"column":5}},"19":{"start":{"line":20,"column":0},"end":{"line":20,"column":19}},"20":{"start":{"line":21,"column":0},"end":{"line":21,"column":15}},"21":{"start":{"line":22,"column":0},"end":{"line":22,"column":15}},"22":{"start":{"line":23,"column":0},"end":{"line":23,"column":18}},"23":{"start":{"line":24,"column":0},"end":{"line":24,"column":13}},"24":{"start":{"line":25,"column":0},"end":{"line":25,"column":4}},"25":{"start":{"line":26,"column":0},"end":{"line":26,"column":12}},"26":{"start":{"line":27,"column":0},"end":{"line":27,"column":15}},"27":{"start":{"line":28,"column":0},"end":{"line":28,"column":62}},"28":{"start":{"line":29,"column":0},"end":{"line":29,"column":2}},"29":{"start":{"line":30,"column":0},"end":{"line":30,"column":5}},"30":{"start":{"line":31,"column":0},"end":{"line":31,"column":36}},"31":{"start":{"line":32,"column":0},"end":{"line":32,"column":32}},"32":{"start":{"line":33,"column":0},"end":{"line":33,"column":32}},"33":{"start":{"line":34,"column":0},"end":{"line":34,"column":35}},"34":{"start":{"line":35,"column":0},"end":{"line":35,"column":30}},"35":{"start":{"line":36,"column":0},"end":{"line":36,"column":4}},"36":{"start":{"line":37,"column":0},"end":{"line":37,"column":65}},"37":{"start":{"line":38,"column":0},"end":{"line":38,"column":2}},"38":{"start":{"line":39,"column":0},"end":{"line":39,"column":0}},"39":{"start":{"line":40,"column":0},"end":{"line":40,"column":31}},"40":{"start":{"line":41,"column":0},"end":{"line":41,"column":2}},"41":{"start":{"line":42,"column":0},"end":{"line":42,"column":0}},"42":{"start":{"line":43,"column":0},"end":{"line":43,"column":33}},"43":{"start":{"line":44,"column":0},"end":{"line":44,"column":53}},"44":{"start":{"line":45,"column":0},"end":{"line":45,"column":0}},"45":{"start":{"line":46,"column":0},"end":{"line":46,"column":38}},"46":{"start":{"line":47,"column":0},"end":{"line":47,"column":41}},"47":{"start":{"line":48,"column":0},"end":{"line":48,"column":14}},"48":{"start":{"line":49,"column":0},"end":{"line":49,"column":18}},"49":{"start":{"line":50,"column":0},"end":{"line":50,"column":65}},"50":{"start":{"line":51,"column":0},"end":{"line":51,"column":3}},"51":{"start":{"line":52,"column":0},"end":{"line":52,"column":0}},"52":{"start":{"line":53,"column":0},"end":{"line":53,"column":50}},"53":{"start":{"line":54,"column":0},"end":{"line":54,"column":54}},"54":{"start":{"line":55,"column":0},"end":{"line":55,"column":54}},"55":{"start":{"line":56,"column":0},"end":{"line":56,"column":0}},"56":{"start":{"line":57,"column":0},"end":{"line":57,"column":61}},"57":{"start":{"line":58,"column":0},"end":{"line":58,"column":67}},"58":{"start":{"line":59,"column":0},"end":{"line":59,"column":3}},"59":{"start":{"line":60,"column":0},"end":{"line":60,"column":0}},"60":{"start":{"line":61,"column":0},"end":{"line":61,"column":25}},"61":{"start":{"line":62,"column":0},"end":{"line":62,"column":37}},"62":{"start":{"line":63,"column":0},"end":{"line":63,"column":37}},"63":{"start":{"line":64,"column":0},"end":{"line":64,"column":5}},"64":{"start":{"line":65,"column":0},"end":{"line":65,"column":0}},"65":{"start":{"line":66,"column":0},"end":{"line":66,"column":26}},"66":{"start":{"line":67,"column":0},"end":{"line":67,"column":2}},"67":{"start":{"line":68,"column":0},"end":{"line":68,"column":0}},"68":{"start":{"line":69,"column":0},"end":{"line":69,"column":0}},"69":{"start":{"line":70,"column":0},"end":{"line":70,"column":28}},"70":{"start":{"line":71,"column":0},"end":{"line":71,"column":43}},"71":{"start":{"line":72,"column":0},"end":{"line":72,"column":54}},"72":{"start":{"line":73,"column":0},"end":{"line":73,"column":0}},"73":{"start":{"line":74,"column":0},"end":{"line":74,"column":46}},"74":{"start":{"line":75,"column":0},"end":{"line":75,"column":33}},"75":{"start":{"line":76,"column":0},"end":{"line":76,"column":21}},"76":{"start":{"line":77,"column":0},"end":{"line":77,"column":82}},"77":{"start":{"line":78,"column":0},"end":{"line":78,"column":7}},"78":{"start":{"line":79,"column":0},"end":{"line":79,"column":3}},"79":{"start":{"line":80,"column":0},"end":{"line":80,"column":0}},"80":{"start":{"line":81,"column":0},"end":{"line":81,"column":19}},"81":{"start":{"line":82,"column":0},"end":{"line":82,"column":22}},"82":{"start":{"line":83,"column":0},"end":{"line":83,"column":0}},"83":{"start":{"line":84,"column":0},"end":{"line":84,"column":21}},"84":{"start":{"line":85,"column":0},"end":{"line":85,"column":60}},"85":{"start":{"line":86,"column":0},"end":{"line":86,"column":61}},"86":{"start":{"line":87,"column":0},"end":{"line":87,"column":0}},"87":{"start":{"line":88,"column":0},"end":{"line":88,"column":13}},"88":{"start":{"line":89,"column":0},"end":{"line":89,"column":48}},"89":{"start":{"line":90,"column":0},"end":{"line":90,"column":54}},"90":{"start":{"line":91,"column":0},"end":{"line":91,"column":0}},"91":{"start":{"line":92,"column":0},"end":{"line":92,"column":51}},"92":{"start":{"line":93,"column":0},"end":{"line":93,"column":21}},"93":{"start":{"line":94,"column":0},"end":{"line":94,"column":33}},"94":{"start":{"line":95,"column":0},"end":{"line":95,"column":22}},"95":{"start":{"line":96,"column":0},"end":{"line":96,"column":25}},"96":{"start":{"line":97,"column":0},"end":{"line":97,"column":3}},"97":{"start":{"line":98,"column":0},"end":{"line":98,"column":0}},"98":{"start":{"line":99,"column":0},"end":{"line":99,"column":12}},"99":{"start":{"line":100,"column":0},"end":{"line":100,"column":18}},"100":{"start":{"line":101,"column":0},"end":{"line":101,"column":16}},"101":{"start":{"line":102,"column":0},"end":{"line":102,"column":14}},"102":{"start":{"line":103,"column":0},"end":{"line":103,"column":19}},"103":{"start":{"line":104,"column":0},"end":{"line":104,"column":15}},"104":{"start":{"line":105,"column":0},"end":{"line":105,"column":18}},"105":{"start":{"line":106,"column":0},"end":{"line":106,"column":35}},"106":{"start":{"line":107,"column":0},"end":{"line":107,"column":5}},"107":{"start":{"line":108,"column":0},"end":{"line":108,"column":4}},"108":{"start":{"line":109,"column":0},"end":{"line":109,"column":1}}},"s":{"0":1,"1":1,"2":1,"3":1,"4":1,"5":1,"6":0,"7":0,"8":0,"9":0,"10":0,"11":0,"12":0,"13":0,"14":0,"15":0,"16":0,"17":0,"18":0,"19":0,"20":0,"21":0,"22":0,"23":0,"24":0,"25":0,"26":0,"27":0,"28":0,"29":0,"30":0,"31":0,"32":0,"33":0,"34":0,"35":0,"36":0,"37":0,"38":0,"39":0,"40":0,"41":1,"42":1,"43":3,"44":3,"45":3,"46":3,"47":1,"48":1,"49":1,"50":1,"51":2,"52":2,"53":2,"54":2,"55":2,"56":3,"57":1,"58":1,"59":1,"60":1,"61":1,"62":1,"63":1,"64":1,"65":1,"66":1,"67":1,"68":1,"69":1,"70":1,"71":4,"72":4,"73":4,"74":1,"75":1,"76":1,"77":1,"78":1,"79":3,"80":3,"81":3,"82":3,"83":3,"84":4,"85":4,"86":4,"87":4,"88":4,"89":4,"90":4,"91":4,"92":4,"93":3,"94":3,"95":3,"96":3,"97":3,"98":3,"99":3,"100":3,"101":3,"102":3,"103":3,"104":3,"105":3,"106":3,"107":3,"108":3},"branchMap":{"0":{"type":"branch","line":43,"loc":{"start":{"line":43,"column":18},"end":{"line":67,"column":2}},"locations":[{"start":{"line":43,"column":18},"end":{"line":67,"column":2}}]},"1":{"type":"branch","line":47,"loc":{"start":{"line":47,"column":20},"end":{"line":47,"column":38}},"locations":[{"start":{"line":47,"column":20},"end":{"line":47,"column":38}}]},"2":{"type":"branch","line":47,"loc":{"start":{"line":47,"column":40},"end":{"line":51,"column":3}},"locations":[{"start":{"line":47,"column":40},"end":{"line":51,"column":3}}]},"3":{"type":"branch","line":51,"loc":{"start":{"line":51,"column":2},"end":{"line":57,"column":34}},"locations":[{"start":{"line":51,"column":2},"end":{"line":57,"column":34}}]},"4":{"type":"branch","line":57,"loc":{"start":{"line":57,"column":30},"end":{"line":57,"column":58}},"locations":[{"start":{"line":57,"column":30},"end":{"line":57,"column":58}}]},"5":{"type":"branch","line":57,"loc":{"start":{"line":57,"column":60},"end":{"line":67,"column":2}},"locations":[{"start":{"line":57,"column":60},"end":{"line":67,"column":2}}]},"6":{"type":"branch","line":71,"loc":{"start":{"line":71,"column":28},"end":{"line":109,"column":1}},"locations":[{"start":{"line":71,"column":28},"end":{"line":109,"column":1}}]},"7":{"type":"branch","line":74,"loc":{"start":{"line":74,"column":13},"end":{"line":74,"column":30}},"locations":[{"start":{"line":74,"column":13},"end":{"line":74,"column":30}}]},"8":{"type":"branch","line":74,"loc":{"start":{"line":74,"column":30},"end":{"line":74,"column":43}},"locations":[{"start":{"line":74,"column":30},"end":{"line":74,"column":43}}]},"9":{"type":"branch","line":74,"loc":{"start":{"line":74,"column":45},"end":{"line":79,"column":3}},"locations":[{"start":{"line":74,"column":45},"end":{"line":79,"column":3}}]},"10":{"type":"branch","line":79,"loc":{"start":{"line":79,"column":2},"end":{"line":85,"column":48}},"locations":[{"start":{"line":79,"column":2},"end":{"line":85,"column":48}}]},"11":{"type":"branch","line":85,"loc":{"start":{"line":85,"column":45},"end":{"line":85,"column":52}},"locations":[{"start":{"line":85,"column":45},"end":{"line":85,"column":52}}]},"12":{"type":"branch","line":85,"loc":{"start":{"line":85,"column":52},"end":{"line":85,"column":59}},"locations":[{"start":{"line":85,"column":52},"end":{"line":85,"column":59}}]},"13":{"type":"branch","line":86,"loc":{"start":{"line":86,"column":48},"end":{"line":86,"column":54}},"locations":[{"start":{"line":86,"column":48},"end":{"line":86,"column":54}}]},"14":{"type":"branch","line":86,"loc":{"start":{"line":86,"column":54},"end":{"line":86,"column":60}},"locations":[{"start":{"line":86,"column":54},"end":{"line":86,"column":60}}]},"15":{"type":"branch","line":93,"loc":{"start":{"line":93,"column":20},"end":{"line":109,"column":1}},"locations":[{"start":{"line":93,"column":20},"end":{"line":109,"column":1}}]}},"b":{"0":[3],"1":[2],"2":[1],"3":[2],"4":[1],"5":[1],"6":[4],"7":[3],"8":[3],"9":[1],"10":[3],"11":[2],"12":[1],"13":[2],"14":[1],"15":[3]},"fnMap":{"0":{"name":"Object.<anonymous>.exports.getNotaFiscal","decl":{"start":{"line":6,"column":24},"end":{"line":41,"column":2}},"loc":{"start":{"line":6,"column":24},"end":{"line":41,"column":2}},"line":6},"1":{"name":"Object.<anonymous>.exports.getICMS","decl":{"start":{"line":43,"column":18},"end":{"line":67,"column":2}},"loc":{"start":{"line":43,"column":18},"end":{"line":67,"column":2}},"line":43},"2":{"name":"Object.<anonymous>.exports.calcularPisCofins","decl":{"start":{"line":71,"column":28},"end":{"line":109,"column":1}},"loc":{"start":{"line":71,"column":28},"end":{"line":109,"column":1}},"line":71}},"f":{"0":0,"1":3,"2":4}}
,"/Users/gianpaoloaranha/projects/puc/5sem/ci-cd/GCEIC25-102/api/models/ICMS.js": {"path":"/Users/gianpaoloaranha/projects/puc/5sem/ci-cd/GCEIC25-102/api/models/ICMS.js","all":false,"statementMap":{"0":{"start":{"line":1,"column":0},"end":{"line":1,"column":12}},"1":{"start":{"line":2,"column":0},"end":{"line":2,"column":48}},"2":{"start":{"line":3,"column":0},"end":{"line":3,"column":37}},"3":{"start":{"line":4,"column":0},"end":{"line":4,"column":37}},"4":{"start":{"line":5,"column":0},"end":{"line":5,"column":2}},"5":{"start":{"line":6,"column":0},"end":{"line":6,"column":0}},"6":{"start":{"line":7,"column":0},"end":{"line":7,"column":17}},"7":{"start":{"line":8,"column":0},"end":{"line":8,"column":57}},"8":{"start":{"line":9,"column":0},"end":{"line":9,"column":2}},"9":{"start":{"line":10,"column":0},"end":{"line":10,"column":0}},"10":{"start":{"line":11,"column":0},"end":{"line":11,"column":11}},"11":{"start":{"line":12,"column":0},"end":{"line":12,"column":10}},"12":{"start":{"line":13,"column":0},"end":{"line":13,"column":37}},"13":{"start":{"line":14,"column":0},"end":{"line":14,"column":37}},"14":{"start":{"line":15,"column":0},"end":{"line":15,"column":35}},"15":{"start":{"line":16,"column":0},"end":{"line":16,"column":4}},"16":{"start":{"line":17,"column":0},"end":{"line":17,"column":2}},"17":{"start":{"line":18,"column":0},"end":{"line":18,"column":1}},"18":{"start":{"line":19,"column":0},"end":{"line":19,"column":0}},"19":{"start":{"line":20,"column":0},"end":{"line":20,"column":22}}},"s":{"0":1,"1":1,"2":7,"3":7,"4":7,"5":1,"6":1,"7":3,"8":3,"9":1,"10":1,"11":2,"12":2,"13":2,"14":2,"15":2,"16":2,"17":1,"18":1,"19":1},"branchMap":{"0":{"type":"branch","line":2,"loc":{"start":{"line":2,"column":1},"end":{"line":5,"column":2}},"locations":[{"start":{"line":2,"column":1},"end":{"line":5,"column":2}}]},"1":{"type":"branch","line":7,"loc":{"start":{"line":7,"column":1},"end":{"line":9,"column":2}},"locations":[{"start":{"line":7,"column":1},"end":{"line":9,"column":2}}]},"2":{"type":"branch","line":11,"loc":{"start":{"line":11,"column":1},"end":{"line":17,"column":2}},"locations":[{"start":{"line":11,"column":1},"end":{"line":17,"column":2}}]}},"b":{"0":[7],"1":[3],"2":[2]},"fnMap":{"0":{"name":"ICMS","decl":{"start":{"line":2,"column":1},"end":{"line":5,"column":2}},"loc":{"start":{"line":2,"column":1},"end":{"line":5,"column":2}},"line":2},"1":{"name":"getValorICMS","decl":{"start":{"line":7,"column":1},"end":{"line":9,"column":2}},"loc":{"start":{"line":7,"column":1},"end":{"line":9,"column":2}},"line":7},"2":{"name":"toJSON","decl":{"start":{"line":11,"column":1},"end":{"line":17,"column":2}},"loc":{"start":{"line":11,"column":1},"end":{"line":17,"column":2}},"line":11}},"f":{"0":7,"1":3,"2":2}}
,"/Users/gianpaoloaranha/projects/puc/5sem/ci-cd/GCEIC25-102/api/models/NotaFiscal.js": {"path":"/Users/gianpaoloaranha/projects/puc/5sem/ci-cd/GCEIC25-102/api/models/NotaFiscal.js","all":false,"statementMap":{"0":{"start":{"line":1,"column":0},"end":{"line":1,"column":18}},"1":{"start":{"line":2,"column":0},"end":{"line":2,"column":82}},"2":{"start":{"line":3,"column":0},"end":{"line":3,"column":39}},"3":{"start":{"line":4,"column":0},"end":{"line":4,"column":31}},"4":{"start":{"line":5,"column":0},"end":{"line":5,"column":31}},"5":{"start":{"line":6,"column":0},"end":{"line":6,"column":37}},"6":{"start":{"line":7,"column":0},"end":{"line":7,"column":33}},"7":{"start":{"line":8,"column":0},"end":{"line":8,"column":3}},"8":{"start":{"line":9,"column":0},"end":{"line":9,"column":0}},"9":{"start":{"line":10,"column":0},"end":{"line":10,"column":22}},"10":{"start":{"line":11,"column":0},"end":{"line":11,"column":12}},"11":{"start":{"line":12,"column":0},"end":{"line":12,"column":22}},"12":{"start":{"line":13,"column":0},"end":{"line":13,"column":22}},"13":{"start":{"line":14,"column":0},"end":{"line":14,"column":25}},"14":{"start":{"line":15,"column":0},"end":{"line":15,"column":21}},"15":{"start":{"line":16,"column":0},"end":{"line":16,"column":6}},"16":{"start":{"line":17,"column":0},"end":{"line":17,"column":3}},"17":{"start":{"line":18,"column":0},"end":{"line":18,"column":0}},"18":{"start":{"line":19,"column":0},"end":{"line":19,"column":23}},"19":{"start":{"line":20,"column":0},"end":{"line":20,"column":56}},"20":{"start":{"line":21,"column":0},"end":{"line":21,"column":3}},"21":{"start":{"line":22,"column":0},"end":{"line":22,"column":0}},"22":{"start":{"line":23,"column":0},"end":{"line":23,"column":12}},"23":{"start":{"line":24,"column":0},"end":{"line":24,"column":12}},"24":{"start":{"line":25,"column":0},"end":{"line":25,"column":40}},"25":{"start":{"line":26,"column":0},"end":{"line":26,"column":32}},"26":{"start":{"line":27,"column":0},"end":{"line":27,"column":32}},"27":{"start":{"line":28,"column":0},"end":{"line":28,"column":38}},"28":{"start":{"line":29,"column":0},"end":{"line":29,"column":34}},"29":{"start":{"line":30,"column":0},"end":{"line":30,"column":46}},"30":{"start":{"line":31,"column":0},"end":{"line":31,"column":49}},"31":{"start":{"line":32,"column":0},"end":{"line":32,"column":6}},"32":{"start":{"line":33,"column":0},"end":{"line":33,"column":3}},"33":{"start":{"line":34,"column":0},"end":{"line":34,"column":1}}},"s":{"0":1,"1":1,"2":0,"3":0,"4":0,"5":0,"6":0,"7":0,"8":1,"9":1,"10":0,"11":0,"12":0,"13":0,"14":0,"15":0,"16":0,"17":1,"18":1,"19":0,"20":0,"21":1,"22":1,"23":0,"24":0,"25":0,"26":0,"27":0,"28":0,"29":0,"30":0,"31":0,"32":0,"33":1},"branchMap":{},"b":{},"fnMap":{"0":{"name":"NotaFiscal","decl":{"start":{"line":2,"column":2},"end":{"line":8,"column":3}},"loc":{"start":{"line":2,"column":2},"end":{"line":8,"column":3}},"line":2},"1":{"name":"getTotalTributos","decl":{"start":{"line":10,"column":2},"end":{"line":17,"column":3}},"loc":{"start":{"line":10,"column":2},"end":{"line":17,"column":3}},"line":10},"2":{"name":"getValorTotalNota","decl":{"start":{"line":19,"column":2},"end":{"line":21,"column":3}},"loc":{"start":{"line":19,"column":2},"end":{"line":21,"column":3}},"line":19},"3":{"name":"toJSON","decl":{"start":{"line":23,"column":2},"end":{"line":33,"column":3}},"loc":{"start":{"line":23,"column":2},"end":{"line":33,"column":3}},"line":23}},"f":{"0":0,"1":0,"2":0,"3":0}}
}
