TN:
SF:controllers/funcoes_base.js
FN:3,aplicarDesconto
FNF:1
FNH:1
FNDA:1,aplicarDesconto
DA:1,1
DA:2,1
DA:3,1
DA:4,1
DA:5,1
DA:6,1
DA:7,1
DA:8,1
LF:8
LH:8
BRDA:3,0,0,1
BRDA:4,1,0,0
BRF:2
BRH:1
end_of_record
TN:
SF:controllers/impostoController.js
FN:6,Object.<anonymous>.exports.getNotaFiscal
FN:43,Object.<anonymous>.exports.getICMS
FN:71,Object.<anonymous>.exports.calcularPisCofins
FNF:3
FNH:2
FNDA:0,Object.<anonymous>.exports.getNotaFiscal
FNDA:3,Object.<anonymous>.exports.getICMS
FNDA:4,Object.<anonymous>.exports.calcularPisCofins
DA:1,1
DA:2,1
DA:3,1
DA:4,1
DA:5,1
DA:6,1
DA:7,0
DA:8,0
DA:9,0
DA:10,0
DA:11,0
DA:12,0
DA:13,0
DA:14,0
DA:15,0
DA:16,0
DA:17,0
DA:18,0
DA:19,0
DA:20,0
DA:21,0
DA:22,0
DA:23,0
DA:24,0
DA:25,0
DA:26,0
DA:27,0
DA:28,0
DA:29,0
DA:30,0
DA:31,0
DA:32,0
DA:33,0
DA:34,0
DA:35,0
DA:36,0
DA:37,0
DA:38,0
DA:39,0
DA:40,0
DA:41,0
DA:42,1
DA:43,1
DA:44,3
DA:45,3
DA:46,3
DA:47,3
DA:48,1
DA:49,1
DA:50,1
DA:51,1
DA:52,2
DA:53,2
DA:54,2
DA:55,2
DA:56,2
DA:57,3
DA:58,1
DA:59,1
DA:60,1
DA:61,1
DA:62,1
DA:63,1
DA:64,1
DA:65,1
DA:66,1
DA:67,1
DA:68,1
DA:69,1
DA:70,1
DA:71,1
DA:72,4
DA:73,4
DA:74,4
DA:75,1
DA:76,1
DA:77,1
DA:78,1
DA:79,1
DA:80,3
DA:81,3
DA:82,3
DA:83,3
DA:84,3
DA:85,4
DA:86,4
DA:87,4
DA:88,4
DA:89,4
DA:90,4
DA:91,4
DA:92,4
DA:93,4
DA:94,3
DA:95,3
DA:96,3
DA:97,3
DA:98,3
DA:99,3
DA:100,3
DA:101,3
DA:102,3
DA:103,3
DA:104,3
DA:105,3
DA:106,3
DA:107,3
DA:108,3
DA:109,3
LF:109
LH:74
BRDA:43,0,0,3
BRDA:47,1,0,2
BRDA:47,2,0,1
BRDA:51,3,0,2
BRDA:57,4,0,1
BRDA:57,5,0,1
BRDA:71,6,0,4
BRDA:74,7,0,3
BRDA:74,8,0,3
BRDA:74,9,0,1
BRDA:79,10,0,3
BRDA:85,11,0,2
BRDA:85,12,0,1
BRDA:86,13,0,2
BRDA:86,14,0,1
BRDA:93,15,0,3
BRF:16
BRH:16
end_of_record
TN:
SF:models/ICMS.js
FN:2,ICMS
FN:7,getValorICMS
FN:11,toJSON
FNF:3
FNH:3
FNDA:7,ICMS
FNDA:3,getValorICMS
FNDA:2,toJSON
DA:1,1
DA:2,1
DA:3,7
DA:4,7
DA:5,7
DA:6,1
DA:7,1
DA:8,3
DA:9,3
DA:10,1
DA:11,1
DA:12,2
DA:13,2
DA:14,2
DA:15,2
DA:16,2
DA:17,2
DA:18,1
DA:19,1
DA:20,1
LF:20
LH:20
BRDA:2,0,0,7
BRDA:7,1,0,3
BRDA:11,2,0,2
BRF:3
BRH:3
end_of_record
TN:
SF:models/NotaFiscal.js
FN:2,NotaFiscal
FN:10,getTotalTributos
FN:19,getValorTotalNota
FN:23,toJSON
FNF:4
FNH:0
FNDA:0,NotaFiscal
FNDA:0,getTotalTributos
FNDA:0,getValorTotalNota
FNDA:0,toJSON
DA:1,1
DA:2,1
DA:3,0
DA:4,0
DA:5,0
DA:6,0
DA:7,0
DA:8,0
DA:9,1
DA:10,1
DA:11,0
DA:12,0
DA:13,0
DA:14,0
DA:15,0
DA:16,0
DA:17,0
DA:18,1
DA:19,1
DA:20,0
DA:21,0
DA:22,1
DA:23,1
DA:24,0
DA:25,0
DA:26,0
DA:27,0
DA:28,0
DA:29,0
DA:30,0
DA:31,0
DA:32,0
DA:33,0
DA:34,1
LF:34
LH:9
BRF:0
BRH:0
end_of_record
