TN:
SF:controllers/baseController.js
FN:4,Object.<anonymous>.exports.datetime
FN:12,Object.<anonymous>.exports.data
FN:20,Object.<anonymous>.exports.concat
FN:34,Object.<anonymous>.exports.calcularCustoCasaContainer
FNF:4
FNH:4
FNDA:2,Object.<anonymous>.exports.datetime
FNDA:2,Object.<anonymous>.exports.data
FNDA:3,Object.<anonymous>.exports.concat
FNDA:4,Object.<anonymous>.exports.calcularCustoCasaContainer
DA:1,1
DA:2,1
DA:3,1
DA:4,1
DA:5,2
DA:6,2
DA:7,2
DA:8,2
DA:9,2
DA:10,1
DA:11,1
DA:12,1
DA:13,2
DA:14,2
DA:15,2
DA:16,2
DA:17,2
DA:18,1
DA:19,1
DA:20,1
DA:21,3
DA:22,3
DA:23,1
DA:24,1
DA:25,1
DA:26,1
DA:27,2
DA:28,2
DA:29,2
DA:30,2
DA:31,2
DA:32,2
DA:33,1
DA:34,1
DA:35,4
DA:36,4
DA:37,4
DA:38,4
DA:39,4
DA:40,4
DA:41,4
DA:42,4
DA:43,4
DA:44,4
DA:45,4
DA:46,4
DA:47,4
DA:48,4
DA:49,4
DA:50,4
DA:51,4
DA:52,4
DA:53,4
DA:54,4
DA:55,2
DA:56,2
DA:57,2
DA:58,2
DA:59,2
DA:60,2
DA:61,2
DA:62,2
DA:63,2
DA:64,2
DA:65,2
DA:66,2
DA:67,2
DA:68,2
DA:69,2
DA:70,2
DA:71,2
DA:72,2
DA:73,2
DA:74,2
DA:75,2
DA:76,2
DA:77,2
DA:78,2
DA:79,2
DA:80,4
LF:80
LH:80
BRDA:4,0,0,2
BRDA:12,1,0,2
BRDA:20,2,0,3
BRDA:22,3,0,1
BRDA:26,4,0,2
BRDA:34,5,0,4
BRDA:54,6,0,2
BRDA:54,7,0,2
BRDA:54,8,0,2
BRDA:54,9,0,2
BRF:10
BRH:10
end_of_record
TN:
SF:controllers/funcoes_base.js
FN:1,aplicarDesconto
FN:6,calculateCost
FNF:2
FNH:2
FNDA:3,aplicarDesconto
FNDA:5,calculateCost
DA:1,3
DA:2,3
DA:3,2
DA:4,2
DA:5,1
DA:6,5
DA:7,5
DA:8,5
DA:9,5
DA:10,5
DA:11,5
DA:12,5
DA:13,5
DA:14,5
DA:15,5
DA:16,5
DA:17,5
DA:18,5
DA:19,5
DA:20,5
DA:21,5
DA:22,5
DA:23,5
DA:24,5
DA:25,5
DA:26,5
DA:27,5
DA:28,5
DA:29,5
DA:30,5
DA:31,5
DA:32,5
DA:33,5
DA:34,5
DA:35,5
DA:36,5
DA:37,5
DA:38,5
DA:39,5
DA:40,5
DA:41,5
DA:42,5
DA:43,5
DA:44,5
DA:45,5
DA:46,5
DA:47,5
DA:48,5
DA:49,5
DA:50,5
DA:51,5
DA:52,1
DA:53,1
LF:53
LH:53
BRDA:1,0,0,3
BRDA:2,1,0,1
BRDA:2,2,0,2
BRDA:6,3,0,5
BRDA:27,4,0,0
BRDA:29,5,0,0
BRDA:31,6,0,0
BRDA:35,7,0,4
BRDA:37,8,0,1
BRDA:38,9,0,1
BRDA:39,10,0,0
BRDA:44,11,0,1
BRDA:45,12,0,1
BRF:13
BRH:9
end_of_record
TN:
SF:controllers/userController.js
FN:2,Object.<anonymous>.exports.listUsers
FN:12,Object.<anonymous>.exports.getUserById
FN:18,Object.<anonymous>.exports.createUser
FNF:3
FNH:3
FNDA:2,Object.<anonymous>.exports.listUsers
FNDA:2,Object.<anonymous>.exports.getUserById
FNDA:2,Object.<anonymous>.exports.createUser
DA:1,1
DA:2,1
DA:3,2
DA:4,2
DA:5,2
DA:6,2
DA:7,2
DA:8,2
DA:9,2
DA:10,1
DA:11,1
DA:12,1
DA:13,2
DA:14,2
DA:15,2
DA:16,1
DA:17,1
DA:18,1
DA:19,2
DA:20,2
LF:20
LH:20
BRDA:2,0,0,2
BRDA:12,1,0,2
BRDA:18,2,0,2
BRF:3
BRH:3
end_of_record
TN:
SF:routes/baseRoutes.js
FNF:0
FNH:0
DA:1,1
DA:2,1
DA:3,1
DA:4,1
DA:5,1
DA:6,1
DA:7,1
DA:8,1
DA:9,1
DA:10,1
DA:11,1
DA:12,1
DA:13,1
DA:14,1
DA:15,1
DA:16,1
LF:16
LH:16
BRF:0
BRH:0
end_of_record
TN:
SF:routes/userRoutes.js
FNF:0
FNH:0
DA:1,1
DA:2,1
DA:3,1
DA:4,1
DA:5,1
DA:6,1
DA:7,1
DA:8,1
DA:9,1
DA:10,1
DA:11,1
DA:12,1
LF:12
LH:12
BRF:0
BRH:0
end_of_record
